<?xml version="1.0" encoding="UTF-8"?>
<!-- Generated by org.testng.reporters.JUnitXMLReporter -->
<testsuite hostname="goods-PC" name="Test1" tests="3" failures="0" timestamp="16 Jul 2017 03:05:34 GMT" time="84.083" errors="0">
  <testcase name="login" time="59.255" classname="week3.testcases.project.CreateLeadTC"/>
  <testcase name="executeCase" time="0.001" classname="week3.testcases.project.DeactivateContactTc01"/>
  <testcase name="executeCase2" time="0.001" classname="week3.testcases.project.EditContactTc2"/>
</testsuite> <!-- Test1 -->
